<?xml version="1.0" encoding="UTF-8"?>
<testsuite xmlns:xsi="http://www.w3.org/2001/XMLSchema-instance" xsi:noNamespaceSchemaLocation="https://maven.apache.org/surefire/maven-surefire-plugin/xsd/surefire-test-report-3.0.xsd" version="3.0" name="com.example.AppTest" time="0.011" tests="1" errors="0" skipped="0" failures="0">
  <properties>
    <property name="sun.desktop" value="gnome"/>
    <property name="awt.toolkit" value="sun.awt.X11.XToolkit"/>
    <property name="java.specification.version" value="11"/>
    <property name="sun.cpu.isalist" value=""/>
    <property name="sun.jnu.encoding" value="UTF-8"/>
    <property name="java.class.path" value="/media/Datas/Proyectos/Cursos/AWSLambda/lambda-hello-world/target/test-classes:/media/Datas/Proyectos/Cursos/AWSLambda/lambda-hello-world/target/classes:/home/josorio/.m2/repository/junit/junit/3.8.1/junit-3.8.1.jar:/home/josorio/.m2/repository/com/amazonaws/aws-lambda-java-core/1.2.3/aws-lambda-java-core-1.2.3.jar:/home/josorio/.m2/repository/software/amazon/awssdk/lambda/2.16.68/lambda-2.16.68.jar:/home/josorio/.m2/repository/software/amazon/awssdk/aws-json-protocol/2.16.68/aws-json-protocol-2.16.68.jar:/home/josorio/.m2/repository/com/fasterxml/jackson/core/jackson-core/2.12.3/jackson-core-2.12.3.jar:/home/josorio/.m2/repository/software/amazon/awssdk/protocol-core/2.16.68/protocol-core-2.16.68.jar:/home/josorio/.m2/repository/software/amazon/awssdk/sdk-core/2.16.68/sdk-core-2.16.68.jar:/home/josorio/.m2/repository/software/amazon/awssdk/profiles/2.16.68/profiles-2.16.68.jar:/home/josorio/.m2/repository/org/slf4j/slf4j-api/1.7.30/slf4j-api-1.7.30.jar:/home/josorio/.m2/repository/com/fasterxml/jackson/core/jackson-databind/2.12.3/jackson-databind-2.12.3.jar:/home/josorio/.m2/repository/org/reactivestreams/reactive-streams/1.0.3/reactive-streams-1.0.3.jar:/home/josorio/.m2/repository/software/amazon/awssdk/auth/2.16.68/auth-2.16.68.jar:/home/josorio/.m2/repository/software/amazon/eventstream/eventstream/1.0.1/eventstream-1.0.1.jar:/home/josorio/.m2/repository/software/amazon/awssdk/http-client-spi/2.16.68/http-client-spi-2.16.68.jar:/home/josorio/.m2/repository/software/amazon/awssdk/regions/2.16.68/regions-2.16.68.jar:/home/josorio/.m2/repository/com/fasterxml/jackson/core/jackson-annotations/2.12.3/jackson-annotations-2.12.3.jar:/home/josorio/.m2/repository/software/amazon/awssdk/annotations/2.16.68/annotations-2.16.68.jar:/home/josorio/.m2/repository/software/amazon/awssdk/utils/2.16.68/utils-2.16.68.jar:/home/josorio/.m2/repository/software/amazon/awssdk/aws-core/2.16.68/aws-core-2.16.68.jar:/home/josorio/.m2/repository/software/amazon/awssdk/metrics-spi/2.16.68/metrics-spi-2.16.68.jar:/home/josorio/.m2/repository/software/amazon/awssdk/apache-client/2.16.68/apache-client-2.16.68.jar:/home/josorio/.m2/repository/org/apache/httpcomponents/httpclient/4.5.13/httpclient-4.5.13.jar:/home/josorio/.m2/repository/commons-logging/commons-logging/1.2/commons-logging-1.2.jar:/home/josorio/.m2/repository/commons-codec/commons-codec/1.11/commons-codec-1.11.jar:/home/josorio/.m2/repository/org/apache/httpcomponents/httpcore/4.4.11/httpcore-4.4.11.jar:/home/josorio/.m2/repository/software/amazon/awssdk/netty-nio-client/2.16.68/netty-nio-client-2.16.68.jar:/home/josorio/.m2/repository/io/netty/netty-codec-http/4.1.63.Final/netty-codec-http-4.1.63.Final.jar:/home/josorio/.m2/repository/io/netty/netty-codec-http2/4.1.63.Final/netty-codec-http2-4.1.63.Final.jar:/home/josorio/.m2/repository/io/netty/netty-codec/4.1.63.Final/netty-codec-4.1.63.Final.jar:/home/josorio/.m2/repository/io/netty/netty-transport/4.1.63.Final/netty-transport-4.1.63.Final.jar:/home/josorio/.m2/repository/io/netty/netty-resolver/4.1.63.Final/netty-resolver-4.1.63.Final.jar:/home/josorio/.m2/repository/io/netty/netty-common/4.1.63.Final/netty-common-4.1.63.Final.jar:/home/josorio/.m2/repository/io/netty/netty-buffer/4.1.63.Final/netty-buffer-4.1.63.Final.jar:/home/josorio/.m2/repository/io/netty/netty-handler/4.1.63.Final/netty-handler-4.1.63.Final.jar:/home/josorio/.m2/repository/io/netty/netty-transport-native-epoll/4.1.63.Final/netty-transport-native-epoll-4.1.63.Final-linux-x86_64.jar:/home/josorio/.m2/repository/io/netty/netty-transport-native-unix-common/4.1.63.Final/netty-transport-native-unix-common-4.1.63.Final.jar:/home/josorio/.m2/repository/com/typesafe/netty/netty-reactive-streams-http/2.0.5/netty-reactive-streams-http-2.0.5.jar:/home/josorio/.m2/repository/com/typesafe/netty/netty-reactive-streams/2.0.5/netty-reactive-streams-2.0.5.jar:/home/josorio/.m2/repository/software/amazon/awssdk/rdsdata/2.16.68/rdsdata-2.16.68.jar:/home/josorio/.m2/repository/org/postgresql/postgresql/42.6.0/postgresql-42.6.0.jar:/home/josorio/.m2/repository/org/checkerframework/checker-qual/3.31.0/checker-qual-3.31.0.jar:"/>
    <property name="java.vm.vendor" value="Ubuntu"/>
    <property name="sun.arch.data.model" value="64"/>
    <property name="java.vendor.url" value="https://ubuntu.com/"/>
    <property name="user.timezone" value=""/>
    <property name="java.vm.specification.version" value="11"/>
    <property name="os.name" value="Linux"/>
    <property name="user.country" value="MX"/>
    <property name="sun.java.launcher" value="SUN_STANDARD"/>
    <property name="sun.boot.library.path" value="/usr/lib/jvm/java-11-openjdk-amd64/lib"/>
    <property name="sun.java.command" value="/media/Datas/Proyectos/Cursos/AWSLambda/lambda-hello-world/target/surefire/surefirebooter-20231109145755408_3.jar /media/Datas/Proyectos/Cursos/AWSLambda/lambda-hello-world/target/surefire 2023-11-09T14-57-55_355-jvmRun1 surefire-20231109145755408_1tmp surefire_0-20231109145755408_2tmp"/>
    <property name="jdk.debug" value="release"/>
    <property name="surefire.test.class.path" value="/media/Datas/Proyectos/Cursos/AWSLambda/lambda-hello-world/target/test-classes:/media/Datas/Proyectos/Cursos/AWSLambda/lambda-hello-world/target/classes:/home/josorio/.m2/repository/junit/junit/3.8.1/junit-3.8.1.jar:/home/josorio/.m2/repository/com/amazonaws/aws-lambda-java-core/1.2.3/aws-lambda-java-core-1.2.3.jar:/home/josorio/.m2/repository/software/amazon/awssdk/lambda/2.16.68/lambda-2.16.68.jar:/home/josorio/.m2/repository/software/amazon/awssdk/aws-json-protocol/2.16.68/aws-json-protocol-2.16.68.jar:/home/josorio/.m2/repository/com/fasterxml/jackson/core/jackson-core/2.12.3/jackson-core-2.12.3.jar:/home/josorio/.m2/repository/software/amazon/awssdk/protocol-core/2.16.68/protocol-core-2.16.68.jar:/home/josorio/.m2/repository/software/amazon/awssdk/sdk-core/2.16.68/sdk-core-2.16.68.jar:/home/josorio/.m2/repository/software/amazon/awssdk/profiles/2.16.68/profiles-2.16.68.jar:/home/josorio/.m2/repository/org/slf4j/slf4j-api/1.7.30/slf4j-api-1.7.30.jar:/home/josorio/.m2/repository/com/fasterxml/jackson/core/jackson-databind/2.12.3/jackson-databind-2.12.3.jar:/home/josorio/.m2/repository/org/reactivestreams/reactive-streams/1.0.3/reactive-streams-1.0.3.jar:/home/josorio/.m2/repository/software/amazon/awssdk/auth/2.16.68/auth-2.16.68.jar:/home/josorio/.m2/repository/software/amazon/eventstream/eventstream/1.0.1/eventstream-1.0.1.jar:/home/josorio/.m2/repository/software/amazon/awssdk/http-client-spi/2.16.68/http-client-spi-2.16.68.jar:/home/josorio/.m2/repository/software/amazon/awssdk/regions/2.16.68/regions-2.16.68.jar:/home/josorio/.m2/repository/com/fasterxml/jackson/core/jackson-annotations/2.12.3/jackson-annotations-2.12.3.jar:/home/josorio/.m2/repository/software/amazon/awssdk/annotations/2.16.68/annotations-2.16.68.jar:/home/josorio/.m2/repository/software/amazon/awssdk/utils/2.16.68/utils-2.16.68.jar:/home/josorio/.m2/repository/software/amazon/awssdk/aws-core/2.16.68/aws-core-2.16.68.jar:/home/josorio/.m2/repository/software/amazon/awssdk/metrics-spi/2.16.68/metrics-spi-2.16.68.jar:/home/josorio/.m2/repository/software/amazon/awssdk/apache-client/2.16.68/apache-client-2.16.68.jar:/home/josorio/.m2/repository/org/apache/httpcomponents/httpclient/4.5.13/httpclient-4.5.13.jar:/home/josorio/.m2/repository/commons-logging/commons-logging/1.2/commons-logging-1.2.jar:/home/josorio/.m2/repository/commons-codec/commons-codec/1.11/commons-codec-1.11.jar:/home/josorio/.m2/repository/org/apache/httpcomponents/httpcore/4.4.11/httpcore-4.4.11.jar:/home/josorio/.m2/repository/software/amazon/awssdk/netty-nio-client/2.16.68/netty-nio-client-2.16.68.jar:/home/josorio/.m2/repository/io/netty/netty-codec-http/4.1.63.Final/netty-codec-http-4.1.63.Final.jar:/home/josorio/.m2/repository/io/netty/netty-codec-http2/4.1.63.Final/netty-codec-http2-4.1.63.Final.jar:/home/josorio/.m2/repository/io/netty/netty-codec/4.1.63.Final/netty-codec-4.1.63.Final.jar:/home/josorio/.m2/repository/io/netty/netty-transport/4.1.63.Final/netty-transport-4.1.63.Final.jar:/home/josorio/.m2/repository/io/netty/netty-resolver/4.1.63.Final/netty-resolver-4.1.63.Final.jar:/home/josorio/.m2/repository/io/netty/netty-common/4.1.63.Final/netty-common-4.1.63.Final.jar:/home/josorio/.m2/repository/io/netty/netty-buffer/4.1.63.Final/netty-buffer-4.1.63.Final.jar:/home/josorio/.m2/repository/io/netty/netty-handler/4.1.63.Final/netty-handler-4.1.63.Final.jar:/home/josorio/.m2/repository/io/netty/netty-transport-native-epoll/4.1.63.Final/netty-transport-native-epoll-4.1.63.Final-linux-x86_64.jar:/home/josorio/.m2/repository/io/netty/netty-transport-native-unix-common/4.1.63.Final/netty-transport-native-unix-common-4.1.63.Final.jar:/home/josorio/.m2/repository/com/typesafe/netty/netty-reactive-streams-http/2.0.5/netty-reactive-streams-http-2.0.5.jar:/home/josorio/.m2/repository/com/typesafe/netty/netty-reactive-streams/2.0.5/netty-reactive-streams-2.0.5.jar:/home/josorio/.m2/repository/software/amazon/awssdk/rdsdata/2.16.68/rdsdata-2.16.68.jar:/home/josorio/.m2/repository/org/postgresql/postgresql/42.6.0/postgresql-42.6.0.jar:/home/josorio/.m2/repository/org/checkerframework/checker-qual/3.31.0/checker-qual-3.31.0.jar:"/>
    <property name="sun.cpu.endian" value="little"/>
    <property name="user.home" value="/home/josorio"/>
    <property name="user.language" value="es"/>
    <property name="java.specification.vendor" value="Oracle Corporation"/>
    <property name="java.version.date" value="2023-08-24"/>
    <property name="java.home" value="/usr/lib/jvm/java-11-openjdk-amd64"/>
    <property name="file.separator" value="/"/>
    <property name="basedir" value="/media/Datas/Proyectos/Cursos/AWSLambda/lambda-hello-world"/>
    <property name="java.vm.compressedOopsMode" value="Zero based"/>
    <property name="line.separator" value="&#10;"/>
    <property name="java.specification.name" value="Java Platform API Specification"/>
    <property name="java.vm.specification.vendor" value="Oracle Corporation"/>
    <property name="java.awt.graphicsenv" value="sun.awt.X11GraphicsEnvironment"/>
    <property name="surefire.real.class.path" value="/media/Datas/Proyectos/Cursos/AWSLambda/lambda-hello-world/target/surefire/surefirebooter-20231109145755408_3.jar"/>
    <property name="sun.management.compiler" value="HotSpot 64-Bit Tiered Compilers"/>
    <property name="java.runtime.version" value="11.0.20.1+1-post-Ubuntu-0ubuntu122.04"/>
    <property name="user.name" value="josorio"/>
    <property name="path.separator" value=":"/>
    <property name="os.version" value="5.15.0-88-generic"/>
    <property name="java.runtime.name" value="OpenJDK Runtime Environment"/>
    <property name="file.encoding" value="UTF-8"/>
    <property name="java.vm.name" value="OpenJDK 64-Bit Server VM"/>
    <property name="maven.ext.class.path" value="/snap/netbeans/84/netbeans/java/maven-nblib/netbeans-eventspy.jar"/>
    <property name="localRepository" value="/home/josorio/.m2/repository"/>
    <property name="java.vendor.url.bug" value="https://bugs.launchpad.net/ubuntu/+source/openjdk-lts"/>
    <property name="java.io.tmpdir" value="/tmp"/>
    <property name="java.version" value="11.0.20.1"/>
    <property name="user.dir" value="/media/Datas/Proyectos/Cursos/AWSLambda/lambda-hello-world"/>
    <property name="os.arch" value="amd64"/>
    <property name="java.vm.specification.name" value="Java Virtual Machine Specification"/>
    <property name="java.awt.printerjob" value="sun.print.PSPrinterJob"/>
    <property name="sun.os.patch.level" value="unknown"/>
    <property name="java.library.path" value="/usr/java/packages/lib:/usr/lib/x86_64-linux-gnu/jni:/lib/x86_64-linux-gnu:/usr/lib/x86_64-linux-gnu:/usr/lib/jni:/lib:/usr/lib"/>
    <property name="java.vm.info" value="mixed mode, sharing"/>
    <property name="java.vendor" value="Ubuntu"/>
    <property name="java.vm.version" value="11.0.20.1+1-post-Ubuntu-0ubuntu122.04"/>
    <property name="java.specification.maintenance.version" value="2"/>
    <property name="sun.io.unicode.encoding" value="UnicodeLittle"/>
    <property name="java.class.version" value="55.0"/>
  </properties>
  <testcase name="testApp" classname="com.example.AppTest" time="0.001"/>
</testsuite>